<?xml version="1.0" encoding="UTF-8"?>
<!-- Generated by org.testng.reporters.JUnitReportReporter -->
<testsuite hostname="DESKTOP-6RU2R2S" failures="0" tests="2" name="selenium.JenkinsDemo.ParaBankRegisterationFlow" time="34.091" errors="0" timestamp="2022-09-05T14:55:29 IST" skipped="0">
  <testcase classname="selenium.JenkinsDemo.ParaBankRegisterationFlow" name="launchApplication" time="28.136"/>
  <system-out/>
  <testcase classname="selenium.JenkinsDemo.ParaBankRegisterationFlow" name="closeApplication" time="5.955"/>
  <system-out>
    <![CDATA[Application closed !]]>
  </system-out>
</testsuite> <!-- selenium.JenkinsDemo.ParaBankRegisterationFlow -->
